<?xml version="1.0" encoding="UTF-8"?>
<testsuite name="ApplicationTest" tests="2" skipped="0" failures="0" errors="0" timestamp="2024-04-30T19:18:24" hostname="LAPTOP-14GMJ39J" time="4.944">
  <properties/>
  <testcase name="testNewEndpoint" classname="ApplicationTest" time="4.834"/>
  <testcase name="testRoot" classname="ApplicationTest" time="0.11"/>
  <system-out><![CDATA[2024-04-30 16:18:26.460 [Test worker @coroutine#1] TRACE i.ktor.client.plugins.HttpPlainText - Adding Accept-Charset=UTF-8 to http:///test1
2024-04-30 16:18:26.906 [DefaultDispatcher-worker-2 @call-context#2] INFO  ktor.test - No ktor.deployment.watch patterns specified, automatic reload is not active.
2024-04-30 16:18:29.002 [DefaultDispatcher-worker-2 @call-context#2] INFO  ktor.test - Application started in 2.149 seconds.
2024-04-30 16:18:29.015 [DefaultDispatcher-worker-3 @coroutine#4] INFO  ktor.test - Responding at http://localhost:80
2024-04-30 16:18:29.016 [DefaultDispatcher-worker-3 @coroutine#4] INFO  ktor.test - Responding at https://localhost:443
2024-04-30 16:18:29.159 [DefaultDispatcher-worker-2 @request#2] TRACE io.ktor.routing.Routing - Trace for [test1]
/, segment:0 -> SUCCESS @ /
  /customer, segment:0 -> FAILURE "Selector didn't match" @ /customer
  /order, segment:0 -> FAILURE "Selector didn't match" @ /order
  /content, segment:0 -> FAILURE "Selector didn't match" @ /content
  /, segment:0 -> SUCCESS @ /
    /(method:GET), segment:0 -> FAILURE "Not all segments matched" @ /(method:GET)
  /test1, segment:1 -> SUCCESS @ /test1
    /test1/(method:GET), segment:1 -> SUCCESS @ /test1/(method:GET)
  /error-test, segment:0 -> FAILURE "Selector didn't match" @ /error-test
Matched routes:
  "" -> "test1" -> "(method:GET)"
Route resolve result:
  SUCCESS @ /test1/(method:GET)
2024-04-30 16:18:29.209 [DefaultDispatcher-worker-2 @request#2] TRACE i.k.s.p.c.ContentNegotiation - Skipping because body is already converted.
2024-04-30 16:18:29.218 [DefaultDispatcher-worker-2 @request#2] TRACE i.k.s.p.statuspages.StatusPages - No status code found for call: /test1
2024-04-30 16:18:29.450 [Test worker @coroutine#1] TRACE i.k.client.plugins.HttpCallValidator - Validating response for request http://localhost/test1
2024-04-30 16:18:29.450 [Test worker @coroutine#1] TRACE i.k.c.p.DefaultResponseValidation - Skipping default response validation for http://localhost/test1
2024-04-30 16:18:29.553 [Test worker @coroutine#1] TRACE i.k.c.plugins.defaultTransformers - Transformed with default transformers response body for http://localhost/test1 to class io.ktor.utils.io.core.ByteReadPacket
2024-04-30 16:18:29.615 [Test worker @coroutine#9] TRACE i.ktor.client.plugins.HttpPlainText - Adding Accept-Charset=UTF-8 to http:///
2024-04-30 16:18:29.651 [DefaultDispatcher-worker-2 @call-context#10] INFO  ktor.test - No ktor.deployment.watch patterns specified, automatic reload is not active.
2024-04-30 16:18:29.663 [DefaultDispatcher-worker-2 @call-context#10] INFO  ktor.test - Application started in 0.013 seconds.
2024-04-30 16:18:29.668 [DefaultDispatcher-worker-3 @coroutine#12] INFO  ktor.test - Responding at http://localhost:80
2024-04-30 16:18:29.669 [DefaultDispatcher-worker-3 @coroutine#12] INFO  ktor.test - Responding at https://localhost:443
2024-04-30 16:18:29.671 [DefaultDispatcher-worker-2 @request#10] TRACE io.ktor.routing.Routing - Trace for []
/, segment:0 -> SUCCESS @ /
  /customer, segment:0 -> FAILURE "Selector didn't match" @ /customer
  /order, segment:0 -> FAILURE "Selector didn't match" @ /order
  /content, segment:0 -> FAILURE "Selector didn't match" @ /content
  /, segment:0 -> SUCCESS @ /
    /(method:GET), segment:0 -> SUCCESS @ /(method:GET)
  /test1, segment:0 -> FAILURE "Selector didn't match" @ /test1
  /error-test, segment:0 -> FAILURE "Selector didn't match" @ /error-test
Matched routes:
  "" -> "<slash>" -> "(method:GET)"
Route resolve result:
  SUCCESS @ /(method:GET)
2024-04-30 16:18:29.673 [DefaultDispatcher-worker-2 @request#10] TRACE i.k.s.p.c.ContentNegotiation - Skipping because body is already converted.
2024-04-30 16:18:29.674 [DefaultDispatcher-worker-2 @request#10] TRACE i.k.s.p.statuspages.StatusPages - No status code found for call: /
2024-04-30 16:18:29.686 [Test worker @coroutine#9] TRACE i.k.client.plugins.HttpCallValidator - Validating response for request http://localhost/
2024-04-30 16:18:29.689 [Test worker @coroutine#9] TRACE i.k.c.p.DefaultResponseValidation - Skipping default response validation for http://localhost/
2024-04-30 16:18:29.693 [Test worker @coroutine#9] TRACE i.k.c.plugins.defaultTransformers - Transformed with default transformers response body for http://localhost/ to class io.ktor.utils.io.core.ByteReadPacket
]]></system-out>
  <system-err><![CDATA[]]></system-err>
</testsuite>
